<?xml version="1.0" encoding="UTF-8"?>
<!-- Generated by org.testng.reporters.JUnitXMLReporter -->
<testsuite hostname="DESKTOP-R9FB7TL" ignored="0" name="Banking App test firefox " tests="3" failures="0" timestamp="2020-06-21T21:55:47 IST" time="36.859" errors="0">
  <testcase name="loginTest" time="6.738" classname="com.TestCases.TC01_Login"/>
  <testcase name="loginTest" time="19.612" classname="com.TestCases.TC01_Login"/>
  <testcase name="loginTest" time="13.536" classname="com.TestCases.TC01_Login"/>
</testsuite> <!-- Banking App test firefox  -->
