<?xml version="1.0" encoding="UTF-8"?>
<!-- Generated by org.testng.reporters.JUnitXMLReporter -->
<testsuite hostname="DESKTOP-R9FB7TL" ignored="0" name="IE Test" tests="3" failures="0" timestamp="2020-07-04T16:50:57 IST" time="30.448" errors="0">
  <testcase name="loginTest" time="12.31" classname="com.TestCases.TC01_Login"/>
  <testcase name="loginTest" time="6.233" classname="com.TestCases.TC01_Login"/>
  <testcase name="loginTest" time="20.005" classname="com.TestCases.TC01_Login"/>
</testsuite> <!-- IE Test -->
