<?xml version="1.0" encoding="UTF-8"?>
<!-- Generated by org.testng.reporters.JUnitXMLReporter -->
<testsuite hostname="DESKTOP-R9FB7TL" ignored="0" name="Chrome Test" tests="2" failures="1" timestamp="2020-07-06T12:21:10 IST" time="177.563" errors="0">
  <testcase name="loginTest" time="69.76" classname="com.TestCases.TC01_Login">
    <failure type="java.lang.AssertionError" message="User is not able to signIn due to some issue  url of page http://demo.guru99.com/v4/manager/Managerhomepage.php
">
      <![CDATA[java.lang.AssertionError: User is not able to signIn due to some issue  url of page http://demo.guru99.com/v4/manager/Managerhomepage.php

at com.TestCases.TC01_Login.loginTest(TC01_Login.java:50)
at java.util.ArrayList.forEach(ArrayList.java:1257)
... Removed 33 stack frames]]>
    </failure>
  </testcase> <!-- loginTest -->
  <testcase name="addNewCustomer" time="24.957" classname="com.TestCases.TC03_AddCustomer"/>
</testsuite> <!-- Chrome Test -->
