<?xml version="1.0" encoding="UTF-8"?>
<testsuite xmlns:xsi="http://www.w3.org/2001/XMLSchema-instance" xsi:noNamespaceSchemaLocation="https://maven.apache.org/surefire/maven-surefire-plugin/xsd/surefire-test-report-3.0.xsd" version="3.0" name="TestSuite" time="95.605" tests="2" errors="0" skipped="0" failures="1">
  <properties>
[...]
</properties>
  <testcase name="loginTest" classname="com.TestCases.TC01_Login" time="6.245">
    <failure message="User is not able to signIn due to some issue  url of page http://demo.guru99.com/v4/index.php&#10;" type="java.lang.AssertionError"><![CDATA[java.lang.AssertionError: 
User is not able to signIn due to some issue  url of page http://demo.guru99.com/v4/index.php

	at com.TestCases.TC01_Login.loginTest(TC01_Login.java:50)
]]></failure>
    <system-out><![CDATA[ INFO [main] (BaseClass.java:31)- Open chrome Browser
 INFO [main] (BaseClass.java:36)- Maximize browser
 INFO [main] (BaseClass.java:60)- Open banking url
 INFO [main] (TC01_Login.java:25)- Enter User ID
 INFO [main] (TC01_Login.java:28)- Enter Password
 INFO [main] (TC01_Login.java:31)- Click on Login button
 INFO [main] (TC01_Login.java:34)- Verify Page Title
 INFO [main] (TC01_Login.java:35)- CHROME
 INFO [main] (TC01_Login.java:38)- User is not able to signIn due to some issue http://demo.guru99.com/v4/index.php
]]></system-out>
    <system-err><![CDATA[ChromeDriver was started successfully.
Jul 06, 2020 10:00:26 AM org.openqa.selenium.remote.ProtocolHandshake createSession
INFO: Detected dialect: W3C
]]></system-err>
  </testcase>
  <testcase name="addNewCustomer" classname="com.TestCases.TC03_AddCustomer" time="42.79"/>
</testsuite>