<?xml version="1.0" encoding="UTF-8"?>
<!-- Generated by org.testng.reporters.JUnitXMLReporter -->
<testsuite hostname="DESKTOP-R9FB7TL" ignored="0" name="Chrome Test(failed)" tests="6" failures="3" timestamp="2020-06-29T21:38:35 IST" time="119.672" errors="0">
  <testcase name="loginTest" time="8.978" classname="com.TestCases.TC01_Login"/>
  <testcase name="LoginDDTt" time="17.142" classname="com.TestCases.TC02_LoginDDT"/>
  <testcase name="LoginDDTt" time="6.627" classname="com.TestCases.TC02_LoginDDT">
    <failure type="java.lang.AssertionError" message="expected [true] but found [false]">
      <![CDATA[java.lang.AssertionError: expected [true] but found [false]
at com.TestCases.TC02_LoginDDT.LoginDDTt(TC02_LoginDDT.java:43)
at java.util.ArrayList.forEach(Unknown Source)
... Removed 31 stack frames]]>
    </failure>
  </testcase> <!-- LoginDDTt -->
  <testcase name="LoginDDTt" time="11.511" classname="com.TestCases.TC02_LoginDDT"/>
  <testcase name="LoginDDTt" time="6.762" classname="com.TestCases.TC02_LoginDDT">
    <failure type="java.lang.AssertionError" message="expected [true] but found [false]">
      <![CDATA[java.lang.AssertionError: expected [true] but found [false]
at com.TestCases.TC02_LoginDDT.LoginDDTt(TC02_LoginDDT.java:43)
at java.util.ArrayList.forEach(Unknown Source)
... Removed 31 stack frames]]>
    </failure>
  </testcase> <!-- LoginDDTt -->
  <testcase name="LoginDDTt" time="6.739" classname="com.TestCases.TC02_LoginDDT">
    <failure type="java.lang.AssertionError" message="expected [true] but found [false]">
      <![CDATA[java.lang.AssertionError: expected [true] but found [false]
at com.TestCases.TC02_LoginDDT.LoginDDTt(TC02_LoginDDT.java:43)
at java.util.ArrayList.forEach(Unknown Source)
... Removed 31 stack frames]]>
    </failure>
  </testcase> <!-- LoginDDTt -->
</testsuite> <!-- Chrome Test(failed) -->
